<?xml version="1.0" encoding="UTF-8"?>
<testsuite name="com.nie.elevator.repository.ElevatorMovementRepositoryTest" time="0.989" tests="5" errors="2" skipped="0" failures="0">
  <properties>
[...]
</properties>
  <testcase name="findByNullElevatorIDReturnsEmptyResult" classname="com.nie.elevator.repository.ElevatorMovementRepositoryTest" time="0.88"/>
  <testcase name="findByEmptyElevatorIDReturnsEmptyResult" classname="com.nie.elevator.repository.ElevatorMovementRepositoryTest" time="0.03"/>
  <testcase name="findByElevatorIDReturnsCorrectResults" classname="com.nie.elevator.repository.ElevatorMovementRepositoryTest" time="0.05">
    <error message="Unknown name value [TASK_STARTED] for enum class [com.nie.elevator.model.ElevatorStatus]; nested exception is java.lang.IllegalArgumentException: Unknown name value [TASK_STARTED] for enum class [com.nie.elevator.model.ElevatorStatus]" type="org.springframework.dao.InvalidDataAccessApiUsageException">org.springframework.dao.InvalidDataAccessApiUsageException: Unknown name value [TASK_STARTED] for enum class [com.nie.elevator.model.ElevatorStatus]; nested exception is java.lang.IllegalArgumentException: Unknown name value [TASK_STARTED] for enum class [com.nie.elevator.model.ElevatorStatus]
	at org.hibernate.type.EnumType$NamedEnumValueMapper.fromName(EnumType.java:467)
	at org.hibernate.type.EnumType$NamedEnumValueMapper.getValue(EnumType.java:452)
	at org.hibernate.type.EnumType.nullSafeGet(EnumType.java:107)
	at org.hibernate.type.CustomType.nullSafeGet(CustomType.java:127)
	at org.hibernate.type.AbstractType.hydrate(AbstractType.java:106)
	at org.hibernate.persister.entity.AbstractEntityPersister.hydrate(AbstractEntityPersister.java:2969)
	at org.hibernate.loader.Loader.loadFromResultSet(Loader.java:1696)
	at org.hibernate.loader.Loader.instanceNotYetLoaded(Loader.java:1628)
	at org.hibernate.loader.Loader.getRow(Loader.java:1515)
	at org.hibernate.loader.Loader.getRowFromResultSet(Loader.java:726)
	at org.hibernate.loader.Loader.processResultSet(Loader.java:953)
	at org.hibernate.loader.Loader.doQuery(Loader.java:921)
	at org.hibernate.loader.Loader.doQueryAndInitializeNonLazyCollections(Loader.java:355)
	at org.hibernate.loader.Loader.doList(Loader.java:2554)
	at org.hibernate.loader.Loader.doList(Loader.java:2540)
	at org.hibernate.loader.Loader.listIgnoreQueryCache(Loader.java:2370)
	at org.hibernate.loader.Loader.list(Loader.java:2365)
	at org.hibernate.loader.hql.QueryLoader.list(QueryLoader.java:497)
	at org.hibernate.hql.internal.ast.QueryTranslatorImpl.list(QueryTranslatorImpl.java:387)
	at org.hibernate.engine.query.spi.HQLQueryPlan.performList(HQLQueryPlan.java:236)
	at org.hibernate.internal.SessionImpl.list(SessionImpl.java:1300)
	at org.hibernate.internal.QueryImpl.list(QueryImpl.java:103)
	at org.hibernate.jpa.internal.QueryImpl.list(QueryImpl.java:573)
	at org.hibernate.jpa.internal.QueryImpl.getResultList(QueryImpl.java:449)
	at org.hibernate.jpa.criteria.compile.CriteriaQueryTypeQueryAdapter.getResultList(CriteriaQueryTypeQueryAdapter.java:67)
	at sun.reflect.NativeMethodAccessorImpl.invoke0(Native Method)
	at sun.reflect.NativeMethodAccessorImpl.invoke(NativeMethodAccessorImpl.java:62)
	at sun.reflect.DelegatingMethodAccessorImpl.invoke(DelegatingMethodAccessorImpl.java:43)
	at java.lang.reflect.Method.invoke(Method.java:498)
	at org.springframework.orm.jpa.SharedEntityManagerCreator$DeferredQueryInvocationHandler.invoke(SharedEntityManagerCreator.java:362)
	at com.sun.proxy.$Proxy81.getResultList(Unknown Source)
	at org.springframework.data.jpa.repository.query.JpaQueryExecution$CollectionExecution.doExecute(JpaQueryExecution.java:110)
	at org.springframework.data.jpa.repository.query.JpaQueryExecution.execute(JpaQueryExecution.java:74)
	at org.springframework.data.jpa.repository.query.AbstractJpaQuery.doExecute(AbstractJpaQuery.java:99)
	at org.springframework.data.jpa.repository.query.AbstractJpaQuery.execute(AbstractJpaQuery.java:90)
	at org.springframework.data.repository.core.support.RepositoryFactorySupport$QueryExecutorMethodInterceptor.doInvoke(RepositoryFactorySupport.java:415)
	at org.springframework.data.repository.core.support.RepositoryFactorySupport$QueryExecutorMethodInterceptor.invoke(RepositoryFactorySupport.java:393)
	at org.springframework.aop.framework.ReflectiveMethodInvocation.proceed(ReflectiveMethodInvocation.java:179)
	at org.springframework.data.repository.core.support.RepositoryFactorySupport$DefaultMethodInvokingMethodInterceptor.invoke(RepositoryFactorySupport.java:506)
	at org.springframework.aop.framework.ReflectiveMethodInvocation.proceed(ReflectiveMethodInvocation.java:179)
	at org.springframework.transaction.interceptor.TransactionInterceptor$1.proceedWithInvocation(TransactionInterceptor.java:99)
	at org.springframework.transaction.interceptor.TransactionAspectSupport.invokeWithinTransaction(TransactionAspectSupport.java:281)
	at org.springframework.transaction.interceptor.TransactionInterceptor.invoke(TransactionInterceptor.java:96)
	at org.springframework.aop.framework.ReflectiveMethodInvocation.proceed(ReflectiveMethodInvocation.java:179)
	at org.springframework.dao.support.PersistenceExceptionTranslationInterceptor.invoke(PersistenceExceptionTranslationInterceptor.java:136)
	at org.springframework.aop.framework.ReflectiveMethodInvocation.proceed(ReflectiveMethodInvocation.java:179)
	at org.springframework.data.jpa.repository.support.CrudMethodMetadataPostProcessor$CrudMethodMetadataPopulatingMethodIntercceptor.invoke(CrudMethodMetadataPostProcessor.java:122)
	at org.springframework.aop.framework.ReflectiveMethodInvocation.proceed(ReflectiveMethodInvocation.java:179)
	at org.springframework.aop.interceptor.ExposeInvocationInterceptor.invoke(ExposeInvocationInterceptor.java:92)
	at org.springframework.aop.framework.ReflectiveMethodInvocation.proceed(ReflectiveMethodInvocation.java:179)
	at org.springframework.aop.framework.JdkDynamicAopProxy.invoke(JdkDynamicAopProxy.java:207)
	at com.sun.proxy.$Proxy70.findByElevatorIDOrderByTimeAsc(Unknown Source)
	at com.nie.elevator.repository.ElevatorMovementRepositoryTest.findByElevatorIDReturnsCorrectResults(ElevatorMovementRepositoryTest.java:43)
</error>
    <system-out><![CDATA[2020-05-13 17:05:48.580  WARN 15433 --- [           main] o.dbunit.dataset.AbstractTableMetaData   : Potential problem found: The configured data type factory 'class org.dbunit.dataset.datatype.DefaultDataTypeFactory' might cause problems with the current database 'H2' (e.g. some datatypes may not be supported properly). In rare cases you might see this message because the list of supported database products is incomplete (list=[derby]). If so please request a java-class update via the forums.If you are using your own IDataTypeFactory extending DefaultDataTypeFactory, ensure that you override getValidDbProducts() to specify the supported database products.
]]></system-out>
  </testcase>
  <testcase name="findByElevatorIDReturnsOnlyResultsOfThatElevatorID" classname="com.nie.elevator.repository.ElevatorMovementRepositoryTest" time="0.016">
    <error message="Unknown name value [TASK_STARTED] for enum class [com.nie.elevator.model.ElevatorStatus]; nested exception is java.lang.IllegalArgumentException: Unknown name value [TASK_STARTED] for enum class [com.nie.elevator.model.ElevatorStatus]" type="org.springframework.dao.InvalidDataAccessApiUsageException">org.springframework.dao.InvalidDataAccessApiUsageException: Unknown name value [TASK_STARTED] for enum class [com.nie.elevator.model.ElevatorStatus]; nested exception is java.lang.IllegalArgumentException: Unknown name value [TASK_STARTED] for enum class [com.nie.elevator.model.ElevatorStatus]
	at org.hibernate.type.EnumType$NamedEnumValueMapper.fromName(EnumType.java:467)
	at org.hibernate.type.EnumType$NamedEnumValueMapper.getValue(EnumType.java:452)
	at org.hibernate.type.EnumType.nullSafeGet(EnumType.java:107)
	at org.hibernate.type.CustomType.nullSafeGet(CustomType.java:127)
	at org.hibernate.type.AbstractType.hydrate(AbstractType.java:106)
	at org.hibernate.persister.entity.AbstractEntityPersister.hydrate(AbstractEntityPersister.java:2969)
	at org.hibernate.loader.Loader.loadFromResultSet(Loader.java:1696)
	at org.hibernate.loader.Loader.instanceNotYetLoaded(Loader.java:1628)
	at org.hibernate.loader.Loader.getRow(Loader.java:1515)
	at org.hibernate.loader.Loader.getRowFromResultSet(Loader.java:726)
	at org.hibernate.loader.Loader.processResultSet(Loader.java:953)
	at org.hibernate.loader.Loader.doQuery(Loader.java:921)
	at org.hibernate.loader.Loader.doQueryAndInitializeNonLazyCollections(Loader.java:355)
	at org.hibernate.loader.Loader.doList(Loader.java:2554)
	at org.hibernate.loader.Loader.doList(Loader.java:2540)
	at org.hibernate.loader.Loader.listIgnoreQueryCache(Loader.java:2370)
	at org.hibernate.loader.Loader.list(Loader.java:2365)
	at org.hibernate.loader.hql.QueryLoader.list(QueryLoader.java:497)
	at org.hibernate.hql.internal.ast.QueryTranslatorImpl.list(QueryTranslatorImpl.java:387)
	at org.hibernate.engine.query.spi.HQLQueryPlan.performList(HQLQueryPlan.java:236)
	at org.hibernate.internal.SessionImpl.list(SessionImpl.java:1300)
	at org.hibernate.internal.QueryImpl.list(QueryImpl.java:103)
	at org.hibernate.jpa.internal.QueryImpl.list(QueryImpl.java:573)
	at org.hibernate.jpa.internal.QueryImpl.getResultList(QueryImpl.java:449)
	at org.hibernate.jpa.criteria.compile.CriteriaQueryTypeQueryAdapter.getResultList(CriteriaQueryTypeQueryAdapter.java:67)
	at sun.reflect.NativeMethodAccessorImpl.invoke0(Native Method)
	at sun.reflect.NativeMethodAccessorImpl.invoke(NativeMethodAccessorImpl.java:62)
	at sun.reflect.DelegatingMethodAccessorImpl.invoke(DelegatingMethodAccessorImpl.java:43)
	at java.lang.reflect.Method.invoke(Method.java:498)
	at org.springframework.orm.jpa.SharedEntityManagerCreator$DeferredQueryInvocationHandler.invoke(SharedEntityManagerCreator.java:362)
	at com.sun.proxy.$Proxy81.getResultList(Unknown Source)
	at org.springframework.data.jpa.repository.query.JpaQueryExecution$CollectionExecution.doExecute(JpaQueryExecution.java:110)
	at org.springframework.data.jpa.repository.query.JpaQueryExecution.execute(JpaQueryExecution.java:74)
	at org.springframework.data.jpa.repository.query.AbstractJpaQuery.doExecute(AbstractJpaQuery.java:99)
	at org.springframework.data.jpa.repository.query.AbstractJpaQuery.execute(AbstractJpaQuery.java:90)
	at org.springframework.data.repository.core.support.RepositoryFactorySupport$QueryExecutorMethodInterceptor.doInvoke(RepositoryFactorySupport.java:415)
	at org.springframework.data.repository.core.support.RepositoryFactorySupport$QueryExecutorMethodInterceptor.invoke(RepositoryFactorySupport.java:393)
	at org.springframework.aop.framework.ReflectiveMethodInvocation.proceed(ReflectiveMethodInvocation.java:179)
	at org.springframework.data.repository.core.support.RepositoryFactorySupport$DefaultMethodInvokingMethodInterceptor.invoke(RepositoryFactorySupport.java:506)
	at org.springframework.aop.framework.ReflectiveMethodInvocation.proceed(ReflectiveMethodInvocation.java:179)
	at org.springframework.transaction.interceptor.TransactionInterceptor$1.proceedWithInvocation(TransactionInterceptor.java:99)
	at org.springframework.transaction.interceptor.TransactionAspectSupport.invokeWithinTransaction(TransactionAspectSupport.java:281)
	at org.springframework.transaction.interceptor.TransactionInterceptor.invoke(TransactionInterceptor.java:96)
	at org.springframework.aop.framework.ReflectiveMethodInvocation.proceed(ReflectiveMethodInvocation.java:179)
	at org.springframework.dao.support.PersistenceExceptionTranslationInterceptor.invoke(PersistenceExceptionTranslationInterceptor.java:136)
	at org.springframework.aop.framework.ReflectiveMethodInvocation.proceed(ReflectiveMethodInvocation.java:179)
	at org.springframework.data.jpa.repository.support.CrudMethodMetadataPostProcessor$CrudMethodMetadataPopulatingMethodIntercceptor.invoke(CrudMethodMetadataPostProcessor.java:122)
	at org.springframework.aop.framework.ReflectiveMethodInvocation.proceed(ReflectiveMethodInvocation.java:179)
	at org.springframework.aop.interceptor.ExposeInvocationInterceptor.invoke(ExposeInvocationInterceptor.java:92)
	at org.springframework.aop.framework.ReflectiveMethodInvocation.proceed(ReflectiveMethodInvocation.java:179)
	at org.springframework.aop.framework.JdkDynamicAopProxy.invoke(JdkDynamicAopProxy.java:207)
	at com.sun.proxy.$Proxy70.findByElevatorIDOrderByTimeAsc(Unknown Source)
	at com.nie.elevator.repository.ElevatorMovementRepositoryTest.findByElevatorIDReturnsOnlyResultsOfThatElevatorID(ElevatorMovementRepositoryTest.java:60)
</error>
    <system-out><![CDATA[2020-05-13 17:05:48.631  WARN 15433 --- [           main] o.dbunit.dataset.AbstractTableMetaData   : Potential problem found: The configured data type factory 'class org.dbunit.dataset.datatype.DefaultDataTypeFactory' might cause problems with the current database 'H2' (e.g. some datatypes may not be supported properly). In rare cases you might see this message because the list of supported database products is incomplete (list=[derby]). If so please request a java-class update via the forums.If you are using your own IDataTypeFactory extending DefaultDataTypeFactory, ensure that you override getValidDbProducts() to specify the supported database products.
]]></system-out>
  </testcase>
  <testcase name="findByWrongElevatorIDReturnsEmptyResult" classname="com.nie.elevator.repository.ElevatorMovementRepositoryTest" time="0.013"/>
</testsuite>